0 info it worked if it ends with ok
1 verbose cli [ 'C:\\Program Files\\nodejs\\node.exe',
1 verbose cli   'C:\\Users\\Yisd\\AppData\\Roaming\\npm\\node_modules\\npm\\bin\\npm-cli.js',
1 verbose cli   'run',
1 verbose cli   'start' ]
2 info using npm@3.10.6
3 info using node@v4.5.0
4 verbose run-script [ 'prestart', 'start', 'poststart' ]
5 info lifecycle cw-api@1.0.0~prestart: cw-api@1.0.0
6 silly lifecycle cw-api@1.0.0~prestart: no script for prestart, continuing
7 info lifecycle cw-api@1.0.0~start: cw-api@1.0.0
8 verbose lifecycle cw-api@1.0.0~start: unsafe-perm in lifecycle true
9 verbose lifecycle cw-api@1.0.0~start: PATH: C:\Users\Yisd\AppData\Roaming\npm\node_modules\npm\bin\node-gyp-bin;D:\apps\apiServ\node_modules\.bin;D:\Programs\cmder\bin;D:\Programs\cmder\vendor\git-for-windows\bin;D:\Programs\cmder\vendor\git-for-windows\usr\bin;D:\Programs\cmder\vendor\git-for-windows\share\vim\vim74;D:\Programs\cmder\vendor\conemu-maximus5\ConEmu\Scripts;D:\Programs\cmder\vendor\conemu-maximus5;D:\Programs\cmder\vendor\conemu-maximus5\ConEmu;C:\ProgramData\Oracle\Java\javapath;C:\Program Files (x86)\Intel\iCLS Client\;C:\Program Files\Intel\iCLS Client\;C:\Windows\system32;C:\Windows;C:\Windows\System32\Wbem;C:\Windows\System32\WindowsPowerShell\v1.0\;C:\Program Files\Intel\Intel(R) Management Engine Components\DAL;C:\Program Files (x86)\Intel\Intel(R) Management Engine Components\DAL;C:\Program Files\Intel\Intel(R) Management Engine Components\IPT;C:\Program Files (x86)\Intel\Intel(R) Management Engine Components\IPT;D:\.nvmw;D:\Programs\Python27;D:\Programs\ruby23\bin;D:\Programs\phantomjs\bin;D:\Programs\xampp\php;C:\ProgramData\ComposerSetup\bin;D:\Programs\xampp\mysql\bin;C:\Users\Yisd\.dnx\bin;C:\Program Files\Microsoft DNX\Dnvm\;D:\Programs\go\bin;C:\Program Files\TortoiseSVN\bin;C:\Program Files\TortoiseGit\bin;C:\Program Files (x86)\Windows Kits\8.0\Windows Performance Toolkit\;D:\Programs\command\pngquant;D:\Programs\command\optipng;D:\Programs\command\jpegtran;D:\Programs\command\gifsicle;D:\Programs\nwjs-sdk;D:\Programs\vim\vim74;D:\Programs\scala\bin;C:\Program Files (x86)\Windows Kits\10\Windows Performance Toolkit\;C:\Windows\Microsoft.NET\Framework\v4.0.30319;C:\Program Files (x86)\Gow\bin;C:\Program Files\nodejs\;C:\Users\Yisd\AppData\Local\atom\bin;C:\Users\Yisd\AppData\Roaming\Composer\vendor\bin;D:\Programs\scala\bin;C:\Users\Yisd\AppData\Roaming\npm;D:\Programs\cmder
10 verbose lifecycle cw-api@1.0.0~start: CWD: D:\apps\apiServ
11 silly lifecycle cw-api@1.0.0~start: Args: [ '/d /s /c', 'gulp babel && node dist/server.js' ]
12 silly lifecycle cw-api@1.0.0~start: Returned: code: 1  signal: null
13 info lifecycle cw-api@1.0.0~start: Failed to exec start script
14 verbose stack Error: cw-api@1.0.0 start: `gulp babel && node dist/server.js`
14 verbose stack Exit status 1
14 verbose stack     at EventEmitter.<anonymous> (C:\Users\Yisd\AppData\Roaming\npm\node_modules\npm\lib\utils\lifecycle.js:255:16)
14 verbose stack     at emitTwo (events.js:87:13)
14 verbose stack     at EventEmitter.emit (events.js:172:7)
14 verbose stack     at ChildProcess.<anonymous> (C:\Users\Yisd\AppData\Roaming\npm\node_modules\npm\lib\utils\spawn.js:40:14)
14 verbose stack     at emitTwo (events.js:87:13)
14 verbose stack     at ChildProcess.emit (events.js:172:7)
14 verbose stack     at maybeClose (internal/child_process.js:829:16)
14 verbose stack     at Process.ChildProcess._handle.onexit (internal/child_process.js:211:5)
15 verbose pkgid cw-api@1.0.0
16 verbose cwd D:\apps\apiServ
17 error Windows_NT 10.0.10586
18 error argv "C:\\Program Files\\nodejs\\node.exe" "C:\\Users\\Yisd\\AppData\\Roaming\\npm\\node_modules\\npm\\bin\\npm-cli.js" "run" "start"
19 error node v4.5.0
20 error npm  v3.10.6
21 error code ELIFECYCLE
22 error cw-api@1.0.0 start: `gulp babel && node dist/server.js`
22 error Exit status 1
23 error Failed at the cw-api@1.0.0 start script 'gulp babel && node dist/server.js'.
23 error Make sure you have the latest version of node.js and npm installed.
23 error If you do, this is most likely a problem with the cw-api package,
23 error not with npm itself.
23 error Tell the author that this fails on your system:
23 error     gulp babel && node dist/server.js
23 error You can get information on how to open an issue for this project with:
23 error     npm bugs cw-api
23 error Or if that isn't available, you can get their info via:
23 error     npm owner ls cw-api
23 error There is likely additional logging output above.
24 verbose exit [ 1, true ]
